1499420851772	geckodriver	INFO	Listening on 127.0.0.1:53928
1499420853848	geckodriver::marionette	INFO	Starting browser C:\Program Files (x86)\Mozilla Firefox\firefox.exe with args ["-marionette"]
1499420854829	Marionette	INFO	Listening on port 53934
1499420854992	Marionette	WARN	TLS certificate errors will be ignored for this session
[Child 8392] WARNING: pipe error: 109: file c:/builds/moz2_slave/m-esr52-w32-000000000000000000/build/src/ipc/chromium/src/chrome/common/ipc_channel_win.cc, line 345
[Child 8392] WARNING: pipe error: 109: file c:/builds/moz2_slave/m-esr52-w32-000000000000000000/build/src/ipc/chromium/src/chrome/common/ipc_channel_win.cc, line 345
1499420864536	geckodriver	INFO	Listening on 127.0.0.1:53957
1499420866667	geckodriver::marionette	INFO	Starting browser C:\Program Files (x86)\Mozilla Firefox\firefox.exe with args ["-marionette"]
1499420867661	Marionette	INFO	Listening on port 53963
1499420867841	Marionette	WARN	TLS certificate errors will be ignored for this session
[Child 2948] WARNING: pipe error: 109: file c:/builds/moz2_slave/m-esr52-w32-000000000000000000/build/src/ipc/chromium/src/chrome/common/ipc_channel_win.cc, line 345
[Child 2948] WARNING: pipe error: 109: file c:/builds/moz2_slave/m-esr52-w32-000000000000000000/build/src/ipc/chromium/src/chrome/common/ipc_channel_win.cc, line 345
1499420954281	geckodriver	INFO	Listening on 127.0.0.1:54009
1499420956375	geckodriver::marionette	INFO	Starting browser C:\Program Files (x86)\Mozilla Firefox\firefox.exe with args ["-marionette"]
1499420957317	Marionette	INFO	Listening on port 54015
1499420957474	Marionette	WARN	TLS certificate errors will be ignored for this session
[Child 2412] WARNING: pipe error: 109: file c:/builds/moz2_slave/m-esr52-w32-000000000000000000/build/src/ipc/chromium/src/chrome/common/ipc_channel_win.cc, line 345
[Child 2412] WARNING: pipe error: 109: file c:/builds/moz2_slave/m-esr52-w32-000000000000000000/build/src/ipc/chromium/src/chrome/common/ipc_channel_win.cc, line 345
1499421159466	geckodriver	INFO	Listening on 127.0.0.1:54084
1499421161545	geckodriver::marionette	INFO	Starting browser C:\Program Files (x86)\Mozilla Firefox\firefox.exe with args ["-marionette"]
1499421162509	Marionette	INFO	Listening on port 54090
1499421162668	Marionette	WARN	TLS certificate errors will be ignored for this session
[Child 1248] WARNING: pipe error: 109: file c:/builds/moz2_slave/m-esr52-w32-000000000000000000/build/src/ipc/chromium/src/chrome/common/ipc_channel_win.cc, line 345
1499421288401	geckodriver	INFO	Listening on 127.0.0.1:54183
1499421290497	geckodriver::marionette	INFO	Starting browser C:\Program Files (x86)\Mozilla Firefox\firefox.exe with args ["-marionette"]
1499421291543	Marionette	INFO	Listening on port 54189
1499421292050	Marionette	WARN	TLS certificate errors will be ignored for this session
[Child 1108] WARNING: pipe error: 109: file c:/builds/moz2_slave/m-esr52-w32-000000000000000000/build/src/ipc/chromium/src/chrome/common/ipc_channel_win.cc, line 345
1499421367731	geckodriver	INFO	Listening on 127.0.0.1:54255
1499421369848	geckodriver::marionette	INFO	Starting browser C:\Program Files (x86)\Mozilla Firefox\firefox.exe with args ["-marionette"]
1499421370845	Marionette	INFO	Listening on port 54261
1499421371005	Marionette	WARN	TLS certificate errors will be ignored for this session
1499421388986	geckodriver	INFO	Listening on 127.0.0.1:54327
1499421391084	geckodriver::marionette	INFO	Starting browser C:\Program Files (x86)\Mozilla Firefox\firefox.exe with args ["-marionette"]
1499421392076	Marionette	INFO	Listening on port 54334
1499421392239	Marionette	WARN	TLS certificate errors will be ignored for this session
1499421454528	addons.productaddons	WARN	Failed downloading via XHR, status: 0, reason: error
[Child 4472] WARNING: pipe error: 109: file c:/builds/moz2_slave/m-esr52-w32-000000000000000000/build/src/ipc/chromium/src/chrome/common/ipc_channel_win.cc, line 345
[Child 4472] WARNING: pipe error: 109: file c:/builds/moz2_slave/m-esr52-w32-000000000000000000/build/src/ipc/chromium/src/chrome/common/ipc_channel_win.cc, line 345
1499421588356	geckodriver	INFO	Listening on 127.0.0.1:54415
1499421590447	geckodriver::marionette	INFO	Starting browser C:\Program Files (x86)\Mozilla Firefox\firefox.exe with args ["-marionette"]
1499421591427	Marionette	INFO	Listening on port 54421
1499421591581	Marionette	WARN	TLS certificate errors will be ignored for this session
[Child 7108] WARNING: pipe error: 109: file c:/builds/moz2_slave/m-esr52-w32-000000000000000000/build/src/ipc/chromium/src/chrome/common/ipc_channel_win.cc, line 345
[Child 7108] WARNING: pipe error: 109: file c:/builds/moz2_slave/m-esr52-w32-000000000000000000/build/src/ipc/chromium/src/chrome/common/ipc_channel_win.cc, line 345
1499421607039	geckodriver	INFO	Listening on 127.0.0.1:54488
1499421609139	geckodriver::marionette	INFO	Starting browser C:\Program Files (x86)\Mozilla Firefox\firefox.exe with args ["-marionette"]
1499421610140	Marionette	INFO	Listening on port 54494
1499421610303	Marionette	WARN	TLS certificate errors will be ignored for this session
[Child 6752] WARNING: pipe error: 109: file c:/builds/moz2_slave/m-esr52-w32-000000000000000000/build/src/ipc/chromium/src/chrome/common/ipc_channel_win.cc, line 345
1499421626050	geckodriver	INFO	Listening on 127.0.0.1:54564
1499421628128	geckodriver::marionette	INFO	Starting browser C:\Program Files (x86)\Mozilla Firefox\firefox.exe with args ["-marionette"]
1499421629111	Marionette	INFO	Listening on port 54570
1499421629276	Marionette	WARN	TLS certificate errors will be ignored for this session
[Child 11052] WARNING: pipe error: 109: file c:/builds/moz2_slave/m-esr52-w32-000000000000000000/build/src/ipc/chromium/src/chrome/common/ipc_channel_win.cc, line 345
[Child 11052] WARNING: pipe error: 109: file c:/builds/moz2_slave/m-esr52-w32-000000000000000000/build/src/ipc/chromium/src/chrome/common/ipc_channel_win.cc, line 345
1499423629304	geckodriver	INFO	Listening on 127.0.0.1:55643
1499423631382	geckodriver::marionette	INFO	Starting browser C:\Program Files (x86)\Mozilla Firefox\firefox.exe with args ["-marionette"]
1499423632361	Marionette	INFO	Listening on port 55650
1499423632520	Marionette	WARN	TLS certificate errors will be ignored for this session
[Child 2676] WARNING: pipe error: 109: file c:/builds/moz2_slave/m-esr52-w32-000000000000000000/build/src/ipc/chromium/src/chrome/common/ipc_channel_win.cc, line 345
[Child 2676] WARNING: pipe error: 109: file c:/builds/moz2_slave/m-esr52-w32-000000000000000000/build/src/ipc/chromium/src/chrome/common/ipc_channel_win.cc, line 345
1499423640582	geckodriver	INFO	Listening on 127.0.0.1:55673
1499423642661	geckodriver::marionette	INFO	Starting browser C:\Program Files (x86)\Mozilla Firefox\firefox.exe with args ["-marionette"]
1499423643614	Marionette	INFO	Listening on port 55679
1499423643777	Marionette	WARN	TLS certificate errors will be ignored for this session
1499423844379	geckodriver	INFO	Listening on 127.0.0.1:55776
1499423846473	geckodriver::marionette	INFO	Starting browser C:\Program Files (x86)\Mozilla Firefox\firefox.exe with args ["-marionette"]
1499423847438	Marionette	INFO	Listening on port 55782
1499423847601	Marionette	WARN	TLS certificate errors will be ignored for this session
[Child 8364] WARNING: pipe error: 109: file c:/builds/moz2_slave/m-esr52-w32-000000000000000000/build/src/ipc/chromium/src/chrome/common/ipc_channel_win.cc, line 345
1499424116234	geckodriver	INFO	Listening on 127.0.0.1:56048
1499424118405	geckodriver::marionette	INFO	Starting browser C:\Program Files (x86)\Mozilla Firefox\firefox.exe with args ["-marionette"]
1499424119472	Marionette	INFO	Listening on port 56054
1499424119958	Marionette	WARN	TLS certificate errors will be ignored for this session
1499424207135	geckodriver	INFO	Listening on 127.0.0.1:56170
1499424209237	geckodriver::marionette	INFO	Starting browser C:\Program Files (x86)\Mozilla Firefox\firefox.exe with args ["-marionette"]
1499424210265	Marionette	INFO	Listening on port 56176
1499424210776	Marionette	WARN	TLS certificate errors will be ignored for this session
[Child 8636] WARNING: pipe error: 109: file c:/builds/moz2_slave/m-esr52-w32-000000000000000000/build/src/ipc/chromium/src/chrome/common/ipc_channel_win.cc, line 345
[Child 8636] WARNING: pipe error: 109: file c:/builds/moz2_slave/m-esr52-w32-000000000000000000/build/src/ipc/chromium/src/chrome/common/ipc_channel_win.cc, line 345
1499424389092	geckodriver	INFO	Listening on 127.0.0.1:56304
1499424391207	geckodriver::marionette	INFO	Starting browser C:\Program Files (x86)\Mozilla Firefox\firefox.exe with args ["-marionette"]
1499424392279	Marionette	INFO	Listening on port 56310
1499424392798	Marionette	WARN	TLS certificate errors will be ignored for this session
[Child 10944] WARNING: pipe error: 109: file c:/builds/moz2_slave/m-esr52-w32-000000000000000000/build/src/ipc/chromium/src/chrome/common/ipc_channel_win.cc, line 345
[Child 10944] WARNING: pipe error: 109: file c:/builds/moz2_slave/m-esr52-w32-000000000000000000/build/src/ipc/chromium/src/chrome/common/ipc_channel_win.cc, line 345
1499424440461	geckodriver	INFO	Listening on 127.0.0.1:56420
1499424442585	geckodriver::marionette	INFO	Starting browser C:\Program Files (x86)\Mozilla Firefox\firefox.exe with args ["-marionette"]
1499424443589	Marionette	INFO	Listening on port 56426
1499424443748	Marionette	WARN	TLS certificate errors will be ignored for this session
1499424488707	geckodriver	INFO	Listening on 127.0.0.1:56599
1499424490821	geckodriver::marionette	INFO	Starting browser C:\Program Files (x86)\Mozilla Firefox\firefox.exe with args ["-marionette"]
1499424491823	Marionette	INFO	Listening on port 56605
1499424491984	Marionette	WARN	TLS certificate errors will be ignored for this session
1499424539197	geckodriver	INFO	Listening on 127.0.0.1:56782
1499424541294	geckodriver::marionette	INFO	Starting browser C:\Program Files (x86)\Mozilla Firefox\firefox.exe with args ["-marionette"]
1499424542368	Marionette	INFO	Listening on port 56789
1499424542878	Marionette	WARN	TLS certificate errors will be ignored for this session
JavaScript error: https://www.igame.com/eye-test/, line 249: ReferenceError: $ is not defined
JavaScript error: https://www.igame.com/eye-test/, line 558: ReferenceError: $ is not defined
[Child 744] WARNING: pipe error: 109: file c:/builds/moz2_slave/m-esr52-w32-000000000000000000/build/src/ipc/chromium/src/chrome/common/ipc_channel_win.cc, line 345
1499424555561	geckodriver	INFO	Listening on 127.0.0.1:56835
1499424557665	geckodriver::marionette	INFO	Starting browser C:\Program Files (x86)\Mozilla Firefox\firefox.exe with args ["-marionette"]
1499424558656	Marionette	INFO	Listening on port 56841
1499424558868	Marionette	WARN	TLS certificate errors will be ignored for this session
[Child 5716] ###!!! ABORT: Aborting on channel error.: file c:/builds/moz2_slave/m-esr52-w32-000000000000000000/build/src/ipc/glue/MessageChannel.cpp, line 2152
1499429651485	geckodriver	INFO	Listening on 127.0.0.1:56115
1499429653588	geckodriver::marionette	INFO	Starting browser C:\Program Files (x86)\Mozilla Firefox\firefox.exe with args ["-marionette"]
1499429654592	Marionette	INFO	Listening on port 56121
1499429654749	Marionette	WARN	TLS certificate errors will be ignored for this session
[Child 9744] WARNING: pipe error: 109: file c:/builds/moz2_slave/m-esr52-w32-000000000000000000/build/src/ipc/chromium/src/chrome/common/ipc_channel_win.cc, line 345
[Child 9744] WARNING: pipe error: 109: file c:/builds/moz2_slave/m-esr52-w32-000000000000000000/build/src/ipc/chromium/src/chrome/common/ipc_channel_win.cc, line 345
1499429665894	geckodriver	INFO	Listening on 127.0.0.1:56194
1499429668029	geckodriver::marionette	INFO	Starting browser C:\Program Files (x86)\Mozilla Firefox\firefox.exe with args ["-marionette"]
1499429669030	Marionette	INFO	Listening on port 56200
1499429669187	Marionette	WARN	TLS certificate errors will be ignored for this session
[Child 7480] WARNING: pipe error: 109: file c:/builds/moz2_slave/m-esr52-w32-000000000000000000/build/src/ipc/chromium/src/chrome/common/ipc_channel_win.cc, line 345
[Child 7480] WARNING: pipe error: 109: file c:/builds/moz2_slave/m-esr52-w32-000000000000000000/build/src/ipc/chromium/src/chrome/common/ipc_channel_win.cc, line 345
149941499429789419	addons.productaddons	WARN	Failed downloading via XHR, status: 0, reason: error
*************************
A coding exception was thrown and uncaught in a Task.

Full message: TypeError: NetworkError when attempting to fetch resource.
Full stack: 
*************************
[Child 10288] WARNING: pipe error: 109: file c:/builds/moz2_slave/m-esr52-w32-000000000000000000/build/src/ipc/chromium/src/chrome/common/ipc_channel_win.cc, line 345
[Child 10288] WARNING: pipe error: 109: file c:/builds/moz2_slave/m-esr52-w32-000000000000000000/build/src/ipc/chromium/src/chrome/common/ipc_channel_win.cc, line 345
orting on channel error.: file c:/builds/moz2_slave/m-esr52-w32-000000000000000000/build/src/ipc/glue/MessageChannel.cpp, line 2152
1499430956105	geckodriver	INFO	Listening on 127.0.0.1:56632
1499430958198	geckodriver::marionette	INFO	Starting browser C:\Program Files (x86)\Mozilla Firefox\firefox.exe with args ["-marionette"]
1499430959190	Marionette	INFO	Listening on port 56638
1499430959349	Marionette	WARN	TLS certificate errors will be ignored for this session
1499430982733	geckodriver	INFO	Listening on 127.0.0.1:56687
1499430984854	geckodriver::marionette	INFO	Starting browser C:\Program Files (x86)\Mozilla Firefox\firefox.exe with args ["-marionette"]
1499430985805	Marionette	INFO	Listening on port 56693
1499430985961	Marionette	WARN	TLS certificate errors will be ignored for this session
[Child 752] ###!!! ABORT: Aborting on channel error.: file c:/builds/moz2_slave/m-esr52-w32-000000000000000000/build/src/ipc/glue/MessageChannel.cpp, line 2152
1499431041533	geckodriver	INFO	Listening on 127.0.0.1:56893
1499431043611	geckodriver::marionette	INFO	Starting browser C:\Program Files (x86)\Mozilla Firefox\firefox.exe with args ["-marionette"]
1499431044580	Marionette	INFO	Listening on port 56910
1499431044734	Marionette	WARN	TLS certificate errors will be ignored for this session
JavaScript error: https://googleads.g.doubleclick.net/pagead/ads?client=ca-pub-7551344248591708&format=728x90&output=html&h=90&slotname=2424420470&adk=343609417&adf=625075577&w=728&lmt=1499431083&loeid=453848105&flash=0&url=https%3A%2F%2Fwvw.igame.com%2FET.php%3Fun%3D%26cy%3DPL%26fv%3D%26e1%3DXXX%7C%7C19%7C17%7C75%7C%26e2%3D6baaae59c3b6daff63152b545bbbdea6f5fddec86002&wgl=1&dt=1499431082884&bpp=10&bdt=16966&fdt=22&idt=155&shv=r20170629&cbv=r20170110&saldr=aa&correlator=2232715762505&frm=22&ga_vid=1155393200.1499431048&ga_sid=1499431083&ga_hid=233170683&ga_fc=0&pv=2&icsg=2&nhd=2&dssz=2&mdo=0&mso=0&u_tz=120&u_his=1&u_java=0&u_h=900&u_w=1600&u_ah=870&u_aw=1600&u_cd=24&u_nplug=4&u_nmime=18&adx=292&ady=15&biw=-12245933&bih=-12245933&isw=1251&ish=1100&ifk=22780564&eid=26835105%2C137237721&oid=3&top=https%3A%2F%2Fwww.igame.com%2Feye-test%2F&rx=0&eae=0&brdim=%2C%2C4%2C4%2C1600%2C0%2C1280%2C783%2C1251%2C1100&vis=1&rsz=%7C%7CaeE%7C&abl=CA&ppjl=f&pfx=0&fu=16&bc=1&ifi=1&xpc=hfcFb806W1&p=https%3A//wvw.igame.com&dtd=191, line 1: ReferenceError: buildAdSlot is not defined
JavaScript error: https://googleads.g.doubleclick.net/pagead/ads?client=ca-pub-7551344248591708&format=728x90&output=html&h=90&slotname=2424420470&adk=343609417&adf=625075577&w=728&lmt=1499431083&loeid=453848105&flash=0&url=https%3A%2F%2Fwvw.igame.com%2FET.php%3Fun%3D%26cy%3DPL%26fv%3D%26e1%3DXXX%7C%7C19%7C17%7C75%7C%26e2%3D6baaae59c3b6daff63152b545bbbdea6f5fddec86002&wgl=1&dt=1499431082884&bpp=10&bdt=16966&fdt=22&idt=155&shv=r20170629&cbv=r20170110&saldr=aa&correlator=2232715762505&frm=22&ga_vid=1155393200.1499431048&ga_sid=1499431083&ga_hid=233170683&ga_fc=0&pv=2&icsg=2&nhd=2&dssz=2&mdo=0&mso=0&u_tz=120&u_his=1&u_java=0&u_h=900&u_w=1600&u_ah=870&u_aw=1600&u_cd=24&u_nplug=4&u_nmime=18&adx=292&ady=15&biw=-12245933&bih=-12245933&isw=1251&ish=1100&ifk=22780564&eid=26835105%2C137237721&oid=3&top=https%3A%2F%2Fwww.igame.com%2Feye-test%2F&rx=0&eae=0&brdim=%2C%2C4%2C4%2C1600%2C0%2C1280%2C783%2C1251%2C1100&vis=1&rsz=%7C%7CaeE%7C&abl=CA&ppjl=f&pfx=0&fu=16&bc=1&ifi=1&xpc=hfcFb806W1&p=https%3A//wvw.igame.com&dtd=191, line 1: TypeError: _.v is not a function
JavaScript error: https://googleads.g.doubleclick.net/pagead/ads?client=ca-pub-7551344248591708&format=728x90&output=html&h=90&slotname=2424420470&adk=343609417&adf=625075577&w=728&lmt=1499431083&loeid=453848105&flash=0&url=https%3A%2F%2Fwvw.igame.com%2FET.php%3Fun%3D%26cy%3DPL%26fv%3D%26e1%3DXXX%7C%7C19%7C17%7C75%7C%26e2%3D6baaae59c3b6daff63152b545bbbdea6f5fddec86002&wgl=1&dt=1499431082884&bpp=10&bdt=16966&fdt=22&idt=155&shv=r20170629&cbv=r20170110&saldr=aa&correlator=2232715762505&frm=22&ga_vid=1155393200.1499431048&ga_sid=1499431083&ga_hid=233170683&ga_fc=0&pv=2&icsg=2&nhd=2&dssz=2&mdo=0&mso=0&u_tz=120&u_his=1&u_java=0&u_h=900&u_w=1600&u_ah=870&u_aw=1600&u_cd=24&u_nplug=4&u_nmime=18&adx=292&ady=15&biw=-12245933&bih=-12245933&isw=1251&ish=1100&ifk=22780564&eid=26835105%2C137237721&oid=3&top=https%3A%2F%2Fwww.igame.com%2Feye-test%2F&rx=0&eae=0&brdim=%2C%2C4%2C4%2C1600%2C0%2C1280%2C783%2C1251%2C1100&vis=1&rsz=%7C%7CaeE%7C&abl=CA&ppjl=f&pfx=0&fu=16&bc=1&ifi=1&xpc=hfcFb806W1&p=https%3A//wvw.igame.com&dtd=191, line 1: TypeError: _.v is not a function
JavaScript error: https://googleads.g.doubleclick.net/pagead/ads?client=ca-pub-7551344248591708&format=728x90&output=html&h=90&slotname=2424420470&adk=343609417&adf=625075577&w=728&lmt=1499431083&loeid=453848105&flash=0&url=https%3A%2F%2Fwvw.igame.com%2FET.php%3Fun%3D%26cy%3DPL%26fv%3D%26e1%3DXXX%7C%7C19%7C17%7C75%7C%26e2%3D6baaae59c3b6daff63152b545bbbdea6f5fddec86002&wgl=1&dt=1499431082884&bpp=10&bdt=16966&fdt=22&idt=155&shv=r20170629&cbv=r20170110&saldr=aa&correlator=2232715762505&frm=22&ga_vid=1155393200.1499431048&ga_sid=1499431083&ga_hid=233170683&ga_fc=0&pv=2&icsg=2&nhd=2&dssz=2&mdo=0&mso=0&u_tz=120&u_his=1&u_java=0&u_h=900&u_w=1600&u_ah=870&u_aw=1600&u_cd=24&u_nplug=4&u_nmime=18&adx=292&ady=15&biw=-12245933&bih=-12245933&isw=1251&ish=1100&ifk=22780564&eid=26835105%2C137237721&oid=3&top=https%3A%2F%2Fwww.igame.com%2Feye-test%2F&rx=0&eae=0&brdim=%2C%2C4%2C4%2C1600%2C0%2C1280%2C783%2C1251%2C1100&vis=1&rsz=%7C%7CaeE%7C&abl=CA&ppjl=f&pfx=0&fu=16&bc=1&ifi=1&xpc=hfcFb806W1&p=https%3A//wvw.igame.com&dtd=191, line 1: ReferenceError: buildTextAd is not defined
JavaScript error: https://googleads.g.doubleclick.net/pagead/ads?client=ca-pub-7551344248591708&format=728x90&output=html&h=90&slotname=2424420470&adk=343609417&adf=625075577&w=728&lmt=1499431083&loeid=453848105&flash=0&url=https%3A%2F%2Fwvw.igame.com%2FET.php%3Fun%3D%26cy%3DPL%26fv%3D%26e1%3DXXX%7C%7C19%7C17%7C75%7C%26e2%3D6baaae59c3b6daff63152b545bbbdea6f5fddec86002&wgl=1&dt=1499431082884&bpp=10&bdt=16966&fdt=22&idt=155&shv=r20170629&cbv=r20170110&saldr=aa&correlator=2232715762505&frm=22&ga_vid=1155393200.1499431048&ga_sid=1499431083&ga_hid=233170683&ga_fc=0&pv=2&icsg=2&nhd=2&dssz=2&mdo=0&mso=0&u_tz=120&u_his=1&u_java=0&u_h=900&u_w=1600&u_ah=870&u_aw=1600&u_cd=24&u_nplug=4&u_nmime=18&adx=292&ady=15&biw=-12245933&bih=-12245933&isw=1251&ish=1100&ifk=22780564&eid=26835105%2C137237721&oid=3&top=https%3A%2F%2Fwww.igame.com%2Feye-test%2F&rx=0&eae=0&brdim=%2C%2C4%2C4%2C1600%2C0%2C1280%2C783%2C1251%2C1100&vis=1&rsz=%7C%7CaeE%7C&abl=CA&ppjl=f&pfx=0&fu=16&bc=1&ifi=1&xpc=hfcFb806W1&p=https%3A//wvw.igame.com&dtd=191, line 1: ReferenceError: osdlfm is not defined
JavaScript error: https://googleads.g.doubleclick.net/pagead/ads?client=ca-pub-7551344248591708&format=728x90&output=html&h=90&slotname=2424420470&adk=343609417&adf=625075577&w=728&lmt=1499431083&loeid=453848105&flash=0&url=https%3A%2F%2Fwvw.igame.com%2FET.php%3Fun%3D%26cy%3DPL%26fv%3D%26e1%3DXXX%7C%7C19%7C17%7C75%7C%26e2%3D6baaae59c3b6daff63152b545bbbdea6f5fddec86002&wgl=1&dt=1499431082884&bpp=10&bdt=16966&fdt=22&idt=155&shv=r20170629&cbv=r20170110&saldr=aa&correlator=2232715762505&frm=22&ga_vid=1155393200.1499431048&ga_sid=1499431083&ga_hid=233170683&ga_fc=0&pv=2&icsg=2&nhd=2&dssz=2&mdo=0&mso=0&u_tz=120&u_his=1&u_java=0&u_h=900&u_w=1600&u_ah=870&u_aw=1600&u_cd=24&u_nplug=4&u_nmime=18&adx=292&ady=15&biw=-12245933&bih=-12245933&isw=1251&ish=1100&ifk=22780564&eid=26835105%2C137237721&oid=3&top=https%3A%2F%2Fwww.igame.com%2Feye-test%2F&rx=0&eae=0&brdim=%2C%2C4%2C4%2C1600%2C0%2C1280%2C783%2C1251%2C1100&vis=1&rsz=%7C%7CaeE%7C&abl=CA&ppjl=f&pfx=0&fu=16&bc=1&ifi=1&xpc=hfcFb806W1&p=https%3A//wvw.igame.com&dtd=191, line 1: ReferenceError: adSlot is not defined
JavaScript error: https://googleads.g.doubleclick.net/pagead/ads?client=ca-pub-7551344248591708&format=336x280&output=html&h=280&slotname=4658033278&adk=196029178&adf=3031111663&w=336&lmt=1499431083&flash=0&url=https%3A%2F%2Fwvw.igame.com%2FET.php%3Fun%3D%26cy%3DPL%26fv%3D%26e1%3DXXX%7C%7C19%7C17%7C75%7C%26e2%3D6baaae59c3b6daff63152b545bbbdea6f5fddec86002&wgl=1&dt=1499431082907&bpp=10&bdt=16989&fdt=186&idt=216&shv=r20170629&cbv=r20170110&saldr=aa&prev_fmts=728x90&correlator=2232715762505&frm=22&ga_vid=1155393200.1499431048&ga_sid=1499431083&ga_hid=233170683&ga_fc=0&pv=1&icsg=2&nhd=2&dssz=2&mdo=0&mso=0&u_tz=120&u_his=1&u_java=0&u_h=900&u_w=1600&u_ah=870&u_aw=1600&u_cd=24&u_nplug=4&u_nmime=18&adx=721&ady=153&biw=-12245933&bih=-12245933&isw=1251&ish=1100&ifk=22780564&eid=453848105%2C26835105%2C137237721&oid=3&top=https%3A%2F%2Fwww.igame.com%2Feye-test%2F&rx=0&eae=0&brdim=%2C%2C4%2C4%2C1600%2C0%2C1280%2C783%2C1251%2C1100&vis=1&rsz=%7C%7CleE%7C&abl=CS&ppjl=f&pfx=0&fu=16&bc=1&ifi=2&xpc=xFTZt7XekR&p=https%3A//wvw.igame.com&dtd=251, line 238: ReferenceError: osdlfm is not defined
[Child 10944] WARNING: pipe error: 109: file c:/builds/moz2_slave/m-esr52-w32-000000000000000000/build/src/ipc/chromium/src/chrome/common/ipc_channel_win.cc, line 345
1499431217660	geckodriver	INFO	Listening on 127.0.0.1:57265
1499431219769	geckodriver::marionette	INFO	Starting browser C:\Program Files (x86)\Mozilla Firefox\firefox.exe with args ["-marionette"]
1499431220800	Marionette	INFO	Listening on port 57271
1499431220957	Marionette	WARN	TLS certificate errors will be ignored for this session
[Child 9304] WARNING: pipe error: 109: file c:/builds/moz2_slave/m-esr52-w32-000000000000000000/build/src/ipc/chromium/src/chrome/common/ipc_channel_win.cc, line 345
[Child 9304] WARNING: pipe error: 109: file c:/builds/moz2_slave/m-esr52-w32-000000000000000000/build/src/ipc/chromium/src/chrome/common/ipc_channel_win.cc, line 345
1499431381598	geckodriver	INFO	Listening on 127.0.0.1:57589
1499431383699	geckodriver::marionette	INFO	Starting browser C:\Program Files (x86)\Mozilla Firefox\firefox.exe with args ["-marionette"]
1499431384678	Marionette	INFO	Listening on port 57595
1499431384836	Marionette	WARN	TLS certificate errors will be ignored for this session
[Child 8352] WARNING: pipe error: 109: file c:/builds/moz2_slave/m-esr52-w32-000000000000000000/build/src/ipc/chromium/src/chrome/common/ipc_channel_win.cc, line 345
[Child 8352] WARNING: pipe error: 109: file c:/builds/moz2_slave/m-esr52-w32-000000000000000000/build/src/ipc/chromium/src/chrome/common/ipc_channel_win.cc, line 345
